Learning rate: 0.001, Optimizer: Adam, Scheduler: NoneType
200 epochs in total, 108 batches per epoch
Epoch = 0, lr = 0.001
Epoch = 0, Acc = 67.34693877551021
Epoch = 0, Epoch_Loss = 3.263566856858907
Epoch = 1, lr = 0.001
Epoch = 1, Acc = 67.34693877551021
Epoch = 1, Epoch_Loss = 3.1640936172118894
Epoch = 2, lr = 0.001
Epoch = 2, Acc = 67.34693877551021
Epoch = 2, Epoch_Loss = 3.1361398142245083
Epoch = 3, lr = 0.001
Epoch = 3, Acc = 67.34693877551021
Epoch = 3, Epoch_Loss = 3.093908849965643
Epoch = 4, lr = 0.001
Epoch = 4, Acc = 67.34693877551021
Epoch = 4, Epoch_Loss = 3.0883408103276184
Epoch = 5, lr = 0.001
Epoch = 5, Acc = 67.53246753246754
Epoch = 5, Epoch_Loss = 3.033864591960554
Epoch = 6, lr = 0.001
Epoch = 6, Acc = 67.71799628942486
Epoch = 6, Epoch_Loss = 2.9987943738147065
Epoch = 7, lr = 0.001
Epoch = 7, Acc = 68.6456400742115
Epoch = 7, Epoch_Loss = 2.966660027978597
Epoch = 8, lr = 0.001
Epoch = 8, Acc = 69.75881261595548
Epoch = 8, Epoch_Loss = 2.926636060906781
Epoch = 9, lr = 0.001
Epoch = 9, Acc = 70.87198515769944
Epoch = 9, Epoch_Loss = 2.890317991927818
Epoch = 10, lr = 0.001
Epoch = 10, Acc = 72.35621521335807
Epoch = 10, Epoch_Loss = 2.852556240503435
Epoch = 11, lr = 0.001
Epoch = 11, Acc = 73.8404452690167
Epoch = 11, Epoch_Loss = 2.8100641057999045
Epoch = 12, lr = 0.001
Epoch = 12, Acc = 74.58256029684601
Epoch = 12, Epoch_Loss = 2.7648853538212954
Epoch = 13, lr = 0.001
Epoch = 13, Acc = 75.139146567718
Epoch = 13, Epoch_Loss = 2.7269459667581097
Epoch = 14, lr = 0.001
Epoch = 14, Acc = 75.69573283858998
Epoch = 14, Epoch_Loss = 2.6918016732842833
Epoch = 15, lr = 0.001
Epoch = 15, Acc = 76.06679035250464
Epoch = 15, Epoch_Loss = 2.654103525672798
Epoch = 16, lr = 0.001
Epoch = 16, Acc = 76.80890538033395
Epoch = 16, Epoch_Loss = 2.6101869648253477
Epoch = 17, lr = 0.001
Epoch = 17, Acc = 77.73654916512059
Epoch = 17, Epoch_Loss = 2.559788189828396
Epoch = 18, lr = 0.001
Epoch = 18, Acc = 78.84972170686457
Epoch = 18, Epoch_Loss = 2.5078612255553403
Epoch = 19, lr = 0.001
Epoch = 19, Acc = 81.0760667903525
Epoch = 19, Epoch_Loss = 2.448216153791657
Epoch = 20, lr = 0.001
Epoch = 20, Acc = 82.56029684601113
Epoch = 20, Epoch_Loss = 2.3869797587394714
Epoch = 21, lr = 0.001
Epoch = 21, Acc = 84.04452690166976
Epoch = 21, Epoch_Loss = 2.3257031912604966
Epoch = 22, lr = 0.001
Epoch = 22, Acc = 84.78664192949907
Epoch = 22, Epoch_Loss = 2.2648926403511456
Epoch = 23, lr = 0.001
Epoch = 23, Acc = 85.15769944341373
Epoch = 23, Epoch_Loss = 2.2031875437608472
Epoch = 24, lr = 0.001
Epoch = 24, Acc = 86.45640074211502
Epoch = 24, Epoch_Loss = 2.1397972783004797
Epoch = 25, lr = 0.001
Epoch = 25, Acc = 87.38404452690168
Epoch = 25, Epoch_Loss = 2.066022438445577
Epoch = 26, lr = 0.001
Epoch = 26, Acc = 89.05380333951763
Epoch = 26, Epoch_Loss = 1.98730760426433
Epoch = 27, lr = 0.001
Epoch = 27, Acc = 89.6103896103896
Epoch = 27, Epoch_Loss = 1.8994677001265463
Epoch = 28, lr = 0.001
Epoch = 28, Acc = 90.9090909090909
Epoch = 28, Epoch_Loss = 1.8049821823283478
Epoch = 29, lr = 0.001
Epoch = 29, Acc = 92.94990723562152
Epoch = 29, Epoch_Loss = 1.7256995911399524
Epoch = 30, lr = 0.001
Epoch = 30, Acc = 94.24860853432283
Epoch = 30, Epoch_Loss = 1.6418290045112371
Epoch = 31, lr = 0.001
Epoch = 31, Acc = 94.06307977736549
Epoch = 31, Epoch_Loss = 1.5609217193667535
Epoch = 32, lr = 0.001
Epoch = 32, Acc = 94.43413729128015
Epoch = 32, Epoch_Loss = 1.4848465669072337
Epoch = 33, lr = 0.001
Epoch = 33, Acc = 96.1038961038961
Epoch = 33, Epoch_Loss = 1.37910187865297
Epoch = 34, lr = 0.001
Epoch = 34, Acc = 95.91836734693878
Epoch = 34, Epoch_Loss = 1.307294963410607
Epoch = 35, lr = 0.001
Epoch = 35, Acc = 96.84601113172542
Epoch = 35, Epoch_Loss = 1.2127116619160883
Epoch = 36, lr = 0.001
Epoch = 36, Acc = 97.21706864564007
Epoch = 36, Epoch_Loss = 1.1777248930324007
Epoch = 37, lr = 0.001
Epoch = 37, Acc = 97.77365491651206
Epoch = 37, Epoch_Loss = 1.0367176205747657
Epoch = 38, lr = 0.001
Epoch = 38, Acc = 98.14471243042672
Epoch = 38, Epoch_Loss = 0.9837492938256927
Epoch = 39, lr = 0.001
Epoch = 39, Acc = 98.7012987012987
Epoch = 39, Epoch_Loss = 0.8756273136370711
Epoch = 40, lr = 0.001
Epoch = 40, Acc = 98.7012987012987
Epoch = 40, Epoch_Loss = 0.863878484642892
Epoch = 41, lr = 0.001
Epoch = 41, Acc = 99.25788497217069
Epoch = 41, Epoch_Loss = 0.806735251961207
Epoch = 42, lr = 0.001
Epoch = 42, Acc = 99.62894248608535
Epoch = 42, Epoch_Loss = 0.7268118475460343
Epoch = 43, lr = 0.001
Epoch = 43, Acc = 100.0
Epoch = 43, Epoch_Loss = 0.6312543779818548
Epoch = 44, lr = 0.001
Epoch = 44, Acc = 99.44341372912801
Epoch = 44, Epoch_Loss = 0.6666853330615494
Epoch = 45, lr = 0.001
Epoch = 45, Acc = 100.0
Epoch = 45, Epoch_Loss = 0.5296973832365539
Epoch = 46, lr = 0.001
Epoch = 46, Acc = 100.0
Epoch = 46, Epoch_Loss = 0.4851923681174715
Epoch = 47, lr = 0.001
Epoch = 47, Acc = 100.0
Epoch = 47, Epoch_Loss = 0.43409774528333434
Epoch = 48, lr = 0.001
Epoch = 48, Acc = 100.0
Epoch = 48, Epoch_Loss = 0.39578138074527186
Epoch = 49, lr = 0.001
Epoch = 49, Acc = 100.0
Epoch = 49, Epoch_Loss = 0.3700609127042332
Epoch = 50, lr = 0.001
Epoch = 50, Acc = 100.0
Epoch = 50, Epoch_Loss = 0.34151543832935943
Epoch = 51, lr = 0.001
Epoch = 51, Acc = 100.0
Epoch = 51, Epoch_Loss = 0.31419856124557555
Epoch = 52, lr = 0.001
Epoch = 52, Acc = 100.0
Epoch = 52, Epoch_Loss = 0.29306281776236437
Epoch = 53, lr = 0.001
Epoch = 53, Acc = 100.0
Epoch = 53, Epoch_Loss = 0.2727428539569869
Epoch = 54, lr = 0.001
Epoch = 54, Acc = 100.0
Epoch = 54, Epoch_Loss = 0.2542625607370778
Epoch = 55, lr = 0.001
Epoch = 55, Acc = 100.0
Epoch = 55, Epoch_Loss = 0.24044828097060048
Epoch = 56, lr = 0.001
Epoch = 56, Acc = 100.0
Epoch = 56, Epoch_Loss = 0.22647104057897297
Epoch = 57, lr = 0.001
Epoch = 57, Acc = 100.0
Epoch = 57, Epoch_Loss = 0.21121047417788455
Epoch = 58, lr = 0.001
Epoch = 58, Acc = 100.0
Epoch = 58, Epoch_Loss = 0.19656879572991143
Epoch = 59, lr = 0.001
Epoch = 59, Acc = 100.0
Epoch = 59, Epoch_Loss = 0.1858282044823109
Epoch = 60, lr = 0.001
Epoch = 60, Acc = 100.0
Epoch = 60, Epoch_Loss = 0.1728726856419127
Epoch = 61, lr = 0.001
Epoch = 61, Acc = 100.0
Epoch = 61, Epoch_Loss = 0.162301264418703
Epoch = 62, lr = 0.001
Epoch = 62, Acc = 100.0
Epoch = 62, Epoch_Loss = 0.15278874303610926
Epoch = 63, lr = 0.001
Epoch = 63, Acc = 100.0
Epoch = 63, Epoch_Loss = 0.1418005441923419
Epoch = 64, lr = 0.001
Epoch = 64, Acc = 100.0
Epoch = 64, Epoch_Loss = 0.13220580880038646
Epoch = 65, lr = 0.001
Epoch = 65, Acc = 100.0
Epoch = 65, Epoch_Loss = 0.12500013021053746
Epoch = 66, lr = 0.001
Epoch = 66, Acc = 100.0
Epoch = 66, Epoch_Loss = 0.1176059652762315
Epoch = 67, lr = 0.001
Epoch = 67, Acc = 100.0
Epoch = 67, Epoch_Loss = 0.11250378703051764
Epoch = 68, lr = 0.001
Epoch = 68, Acc = 100.0
Epoch = 68, Epoch_Loss = 0.10625833298372864
Epoch = 69, lr = 0.001
Epoch = 69, Acc = 100.0
Epoch = 69, Epoch_Loss = 0.09954730152255958
Epoch = 70, lr = 0.001
Epoch = 70, Acc = 100.0
Epoch = 70, Epoch_Loss = 0.09295766138368183
Epoch = 71, lr = 0.001
Epoch = 71, Acc = 100.0
Epoch = 71, Epoch_Loss = 0.08702081746714949
Epoch = 72, lr = 0.001
Epoch = 72, Acc = 100.0
Epoch = 72, Epoch_Loss = 0.08113801030925026
Epoch = 73, lr = 0.001
Epoch = 73, Acc = 100.0
Epoch = 73, Epoch_Loss = 0.07582692105508479
Epoch = 74, lr = 0.001
Epoch = 74, Acc = 100.0
Epoch = 74, Epoch_Loss = 0.0711704359208751
Epoch = 75, lr = 0.001
Epoch = 75, Acc = 100.0
Epoch = 75, Epoch_Loss = 0.06717875824068431
Epoch = 76, lr = 0.001
Epoch = 76, Acc = 100.0
Epoch = 76, Epoch_Loss = 0.0633576939031223
Epoch = 77, lr = 0.001
Epoch = 77, Acc = 100.0
Epoch = 77, Epoch_Loss = 0.059953477159271844
Epoch = 78, lr = 0.001
Epoch = 78, Acc = 100.0
Epoch = 78, Epoch_Loss = 0.056511426481409686
Epoch = 79, lr = 0.001
Epoch = 79, Acc = 100.0
Epoch = 79, Epoch_Loss = 0.05339658900521937
Epoch = 80, lr = 0.001
Epoch = 80, Acc = 100.0
Epoch = 80, Epoch_Loss = 0.05049708137381391
Epoch = 81, lr = 0.001
Epoch = 81, Acc = 100.0
Epoch = 81, Epoch_Loss = 0.04786159410421668
Epoch = 82, lr = 0.001
Epoch = 82, Acc = 100.0
Epoch = 82, Epoch_Loss = 0.04575705216902187
Epoch = 83, lr = 0.001
Epoch = 83, Acc = 100.0
Epoch = 83, Epoch_Loss = 0.04406790678061683
Epoch = 84, lr = 0.001
Epoch = 84, Acc = 100.0
Epoch = 84, Epoch_Loss = 0.04193977422093869
Epoch = 85, lr = 0.001
Epoch = 85, Acc = 100.0
Epoch = 85, Epoch_Loss = 0.03923669484922559
Epoch = 86, lr = 0.001
Epoch = 86, Acc = 81.26159554730984
Epoch = 86, Epoch_Loss = 1.9800945522917943
Epoch = 87, lr = 0.001
Epoch = 87, Acc = 77.1799628942486
Epoch = 87, Epoch_Loss = 2.5298120671262345
Epoch = 88, lr = 0.001
Epoch = 88, Acc = 86.82745825602969
Epoch = 88, Epoch_Loss = 1.7618018357704084
Epoch = 89, lr = 0.001
Epoch = 89, Acc = 97.03153988868274
Epoch = 89, Epoch_Loss = 0.9889451898979368
Epoch = 90, lr = 0.001
Epoch = 90, Acc = 99.62894248608535
Epoch = 90, Epoch_Loss = 0.456902469439363
Epoch = 91, lr = 0.001
Epoch = 91, Acc = 100.0
Epoch = 91, Epoch_Loss = 0.20074499012143524
Epoch = 92, lr = 0.001
Epoch = 92, Acc = 100.0
Epoch = 92, Epoch_Loss = 0.14961943991861684
Epoch = 93, lr = 0.001
Epoch = 93, Acc = 100.0
Epoch = 93, Epoch_Loss = 0.10246081601103975
Epoch = 94, lr = 0.001
Epoch = 94, Acc = 100.0
Epoch = 94, Epoch_Loss = 0.0848818788330795
Epoch = 95, lr = 0.001
Epoch = 95, Acc = 100.0
Epoch = 95, Epoch_Loss = 0.07256483246304991
Epoch = 96, lr = 0.001
Epoch = 96, Acc = 100.0
Epoch = 96, Epoch_Loss = 0.06504535970398811
Epoch = 97, lr = 0.001
Epoch = 97, Acc = 100.0
Epoch = 97, Epoch_Loss = 0.05935787297655932
Epoch = 98, lr = 0.001
Epoch = 98, Acc = 100.0
Epoch = 98, Epoch_Loss = 0.05487134931307217
Epoch = 99, lr = 0.001
Epoch = 99, Acc = 100.0
Epoch = 99, Epoch_Loss = 0.05121911383294328
Epoch = 100, lr = 0.001
Epoch = 100, Acc = 100.0
Epoch = 100, Epoch_Loss = 0.04816268099131304
Epoch = 101, lr = 0.001
Epoch = 101, Acc = 100.0
Epoch = 101, Epoch_Loss = 0.04551601925481076
Epoch = 102, lr = 0.001
Epoch = 102, Acc = 100.0
Epoch = 102, Epoch_Loss = 0.04323419285356067
Epoch = 103, lr = 0.001
Epoch = 103, Acc = 100.0
Epoch = 103, Epoch_Loss = 0.04123909871581149
Epoch = 104, lr = 0.001
Epoch = 104, Acc = 100.0
Epoch = 104, Epoch_Loss = 0.039462226236032114
Epoch = 105, lr = 0.001
Epoch = 105, Acc = 100.0
Epoch = 105, Epoch_Loss = 0.037860839840033335
Epoch = 106, lr = 0.001
Epoch = 106, Acc = 100.0
Epoch = 106, Epoch_Loss = 0.03640253085500768
Epoch = 107, lr = 0.001
Epoch = 107, Acc = 100.0
Epoch = 107, Epoch_Loss = 0.03505948269136112
Epoch = 108, lr = 0.001
Epoch = 108, Acc = 100.0
Epoch = 108, Epoch_Loss = 0.03381207276510799
Epoch = 109, lr = 0.001
Epoch = 109, Acc = 100.0
Epoch = 109, Epoch_Loss = 0.03264605468117494
Epoch = 110, lr = 0.001
Epoch = 110, Acc = 100.0
Epoch = 110, Epoch_Loss = 0.031550121970617004
Epoch = 111, lr = 0.001
Epoch = 111, Acc = 100.0
Epoch = 111, Epoch_Loss = 0.03051416410555787
Epoch = 112, lr = 0.001
Epoch = 112, Acc = 100.0
Epoch = 112, Epoch_Loss = 0.029530769528786617
Epoch = 113, lr = 0.001
Epoch = 113, Acc = 100.0
Epoch = 113, Epoch_Loss = 0.028591110754792613
Epoch = 114, lr = 0.001
Epoch = 114, Acc = 100.0
Epoch = 114, Epoch_Loss = 0.02768824565228661
Epoch = 115, lr = 0.001
Epoch = 115, Acc = 100.0
Epoch = 115, Epoch_Loss = 0.02681788505233945
Epoch = 116, lr = 0.001
Epoch = 116, Acc = 100.0
Epoch = 116, Epoch_Loss = 0.02597989816826561
Epoch = 117, lr = 0.001
Epoch = 117, Acc = 100.0
Epoch = 117, Epoch_Loss = 0.025172880427648866
Epoch = 118, lr = 0.001
Epoch = 118, Acc = 100.0
Epoch = 118, Epoch_Loss = 0.024394546325547033
Epoch = 119, lr = 0.001
Epoch = 119, Acc = 100.0
Epoch = 119, Epoch_Loss = 0.023641202413408016
Epoch = 120, lr = 0.001
Epoch = 120, Acc = 100.0
Epoch = 120, Epoch_Loss = 0.022909575252722587
Epoch = 121, lr = 0.001
Epoch = 121, Acc = 100.0
Epoch = 121, Epoch_Loss = 0.022196135915119493
Epoch = 122, lr = 0.001
Epoch = 122, Acc = 100.0
Epoch = 122, Epoch_Loss = 0.021502196584522067
Epoch = 123, lr = 0.001
Epoch = 123, Acc = 100.0
Epoch = 123, Epoch_Loss = 0.02082999007716016
Epoch = 124, lr = 0.001
Epoch = 124, Acc = 100.0
Epoch = 124, Epoch_Loss = 0.020176232863849255
Epoch = 125, lr = 0.001
Epoch = 125, Acc = 100.0
Epoch = 125, Epoch_Loss = 0.019542318625974952
Epoch = 126, lr = 0.001
Epoch = 126, Acc = 100.0
Epoch = 126, Epoch_Loss = 0.01892730659434434
Epoch = 127, lr = 0.001
Epoch = 127, Acc = 100.0
Epoch = 127, Epoch_Loss = 0.018332797149519645
Epoch = 128, lr = 0.001
Epoch = 128, Acc = 100.0
Epoch = 128, Epoch_Loss = 0.01775492131047132
Epoch = 129, lr = 0.001
Epoch = 129, Acc = 100.0
Epoch = 129, Epoch_Loss = 0.017195220522504922
Epoch = 130, lr = 0.001
Epoch = 130, Acc = 100.0
Epoch = 130, Epoch_Loss = 0.016657307437358045
Epoch = 131, lr = 0.001
Epoch = 131, Acc = 100.0
Epoch = 131, Epoch_Loss = 0.016140440299447317
Epoch = 132, lr = 0.001
Epoch = 132, Acc = 100.0
Epoch = 132, Epoch_Loss = 0.0156431340157589
Epoch = 133, lr = 0.001
Epoch = 133, Acc = 100.0
Epoch = 133, Epoch_Loss = 0.015168344444073565
Epoch = 134, lr = 0.001
Epoch = 134, Acc = 100.0
Epoch = 134, Epoch_Loss = 0.014715444514068723
Epoch = 135, lr = 0.001
Epoch = 135, Acc = 100.0
Epoch = 135, Epoch_Loss = 0.014282795451031739
Epoch = 136, lr = 0.001
Epoch = 136, Acc = 100.0
Epoch = 136, Epoch_Loss = 0.013867666941088694
Epoch = 137, lr = 0.001
Epoch = 137, Acc = 100.0
Epoch = 137, Epoch_Loss = 0.013472273951467488
Epoch = 138, lr = 0.001
Epoch = 138, Acc = 100.0
Epoch = 138, Epoch_Loss = 0.013094044830655481
Epoch = 139, lr = 0.001
Epoch = 139, Acc = 100.0
Epoch = 139, Epoch_Loss = 0.012732809409499168
Epoch = 140, lr = 0.001
Epoch = 140, Acc = 100.0
Epoch = 140, Epoch_Loss = 0.01238892184860392
Epoch = 141, lr = 0.001
Epoch = 141, Acc = 100.0
Epoch = 141, Epoch_Loss = 0.012054285186793466
Epoch = 142, lr = 0.001
Epoch = 142, Acc = 100.0
Epoch = 142, Epoch_Loss = 0.011732156190528595
Epoch = 143, lr = 0.001
Epoch = 143, Acc = 100.0
Epoch = 143, Epoch_Loss = 0.011425521723275003
Epoch = 144, lr = 0.001
Epoch = 144, Acc = 100.0
Epoch = 144, Epoch_Loss = 0.011129974979364002
Epoch = 145, lr = 0.001
Epoch = 145, Acc = 100.0
Epoch = 145, Epoch_Loss = 0.010850516584334266
Epoch = 146, lr = 0.001
Epoch = 146, Acc = 100.0
Epoch = 146, Epoch_Loss = 0.010578487172433934
Epoch = 147, lr = 0.001
Epoch = 147, Acc = 100.0
Epoch = 147, Epoch_Loss = 0.01032543474745277
Epoch = 148, lr = 0.001
Epoch = 148, Acc = 100.0
Epoch = 148, Epoch_Loss = 0.010134295084922255
Epoch = 149, lr = 0.001
Epoch = 149, Acc = 100.0
Epoch = 149, Epoch_Loss = 0.010390750133040085
Epoch = 150, lr = 0.001
Epoch = 150, Acc = 100.0
Epoch = 150, Epoch_Loss = 0.011015532980780807
Epoch = 151, lr = 0.001
Epoch = 151, Acc = 80.51948051948052
Epoch = 151, Epoch_Loss = 1.9813747590497197
Epoch = 152, lr = 0.001
Epoch = 152, Acc = 68.08905380333952
Epoch = 152, Epoch_Loss = 3.1592351805280754
Epoch = 153, lr = 0.001
Epoch = 153, Acc = 77.1799628942486
Epoch = 153, Epoch_Loss = 2.539998029048244
Epoch = 154, lr = 0.001
Epoch = 154, Acc = 86.2708719851577
Epoch = 154, Epoch_Loss = 1.9913611628322139
Epoch = 155, lr = 0.001
Epoch = 155, Acc = 93.87755102040816
Epoch = 155, Epoch_Loss = 0.9480696700996271
Epoch = 156, lr = 0.001
Epoch = 156, Acc = 99.81447124304268
Epoch = 156, Epoch_Loss = 0.3044451918470225
Epoch = 157, lr = 0.001
Epoch = 157, Acc = 100.0
Epoch = 157, Epoch_Loss = 0.13272180137897116
Epoch = 158, lr = 0.001
Epoch = 158, Acc = 100.0
Epoch = 158, Epoch_Loss = 0.0711326169591673
Epoch = 159, lr = 0.001
Epoch = 159, Acc = 100.0
Epoch = 159, Epoch_Loss = 0.05441674154200074
Epoch = 160, lr = 0.001
Epoch = 160, Acc = 100.0
Epoch = 160, Epoch_Loss = 0.04444519694920422
Epoch = 161, lr = 0.001
Epoch = 161, Acc = 100.0
Epoch = 161, Epoch_Loss = 0.038167148137559975
Epoch = 162, lr = 0.001
Epoch = 162, Acc = 100.0
Epoch = 162, Epoch_Loss = 0.03368154101836909
Epoch = 163, lr = 0.001
Epoch = 163, Acc = 100.0
Epoch = 163, Epoch_Loss = 0.030253728462546994
Epoch = 164, lr = 0.001
Epoch = 164, Acc = 100.0
Epoch = 164, Epoch_Loss = 0.027543041155526967
Epoch = 165, lr = 0.001
Epoch = 165, Acc = 100.0
Epoch = 165, Epoch_Loss = 0.025336777428121963
Epoch = 166, lr = 0.001
Epoch = 166, Acc = 100.0
Epoch = 166, Epoch_Loss = 0.023498339163510268
Epoch = 167, lr = 0.001
Epoch = 167, Acc = 100.0
Epoch = 167, Epoch_Loss = 0.021937935140427994
Epoch = 168, lr = 0.001
Epoch = 168, Acc = 100.0
Epoch = 168, Epoch_Loss = 0.020594254391552467
Epoch = 169, lr = 0.001
Epoch = 169, Acc = 100.0
Epoch = 169, Epoch_Loss = 0.019423807022610196
Epoch = 170, lr = 0.001
Epoch = 170, Acc = 100.0
Epoch = 170, Epoch_Loss = 0.018395409968905842
Epoch = 171, lr = 0.001
Epoch = 171, Acc = 100.0
Epoch = 171, Epoch_Loss = 0.01748482031096635
Epoch = 172, lr = 0.001
Epoch = 172, Acc = 100.0
Epoch = 172, Epoch_Loss = 0.01667203742760682
Epoch = 173, lr = 0.001
Epoch = 173, Acc = 100.0
Epoch = 173, Epoch_Loss = 0.015941404926707037
Epoch = 174, lr = 0.001
Epoch = 174, Acc = 100.0
Epoch = 174, Epoch_Loss = 0.015281511783811126
Epoch = 175, lr = 0.001
Epoch = 175, Acc = 100.0
Epoch = 175, Epoch_Loss = 0.014681836056061675
Epoch = 176, lr = 0.001
Epoch = 176, Acc = 100.0
Epoch = 176, Epoch_Loss = 0.014134076424212523
Epoch = 177, lr = 0.001
Epoch = 177, Acc = 100.0
Epoch = 177, Epoch_Loss = 0.013631717499972891
Epoch = 178, lr = 0.001
Epoch = 178, Acc = 100.0
Epoch = 178, Epoch_Loss = 0.0131686495081306
Epoch = 179, lr = 0.001
Epoch = 179, Acc = 100.0
Epoch = 179, Epoch_Loss = 0.012740683506072619
Epoch = 180, lr = 0.001
Epoch = 180, Acc = 100.0
Epoch = 180, Epoch_Loss = 0.012344260023921918
Epoch = 181, lr = 0.001
Epoch = 181, Acc = 100.0
Epoch = 181, Epoch_Loss = 0.011976207944691716
Epoch = 182, lr = 0.001
Epoch = 182, Acc = 100.0
Epoch = 182, Epoch_Loss = 0.011633657742533143
Epoch = 183, lr = 0.001
Epoch = 183, Acc = 100.0
Epoch = 183, Epoch_Loss = 0.011313753500332866
Epoch = 184, lr = 0.001
Epoch = 184, Acc = 100.0
Epoch = 184, Epoch_Loss = 0.011015098863464556
Epoch = 185, lr = 0.001
Epoch = 185, Acc = 100.0
Epoch = 185, Epoch_Loss = 0.010735526948000942
Epoch = 186, lr = 0.001
Epoch = 186, Acc = 100.0
Epoch = 186, Epoch_Loss = 0.010473290669863302
Epoch = 187, lr = 0.001
Epoch = 187, Acc = 100.0
Epoch = 187, Epoch_Loss = 0.010228054635701011
Epoch = 188, lr = 0.001
Epoch = 188, Acc = 100.0
Epoch = 188, Epoch_Loss = 0.009997417491157885
Epoch = 189, lr = 0.001
Epoch = 189, Acc = 100.0
Epoch = 189, Epoch_Loss = 0.009779788093443063
Epoch = 190, lr = 0.001
Epoch = 190, Acc = 100.0
Epoch = 190, Epoch_Loss = 0.009575902229159881
Epoch = 191, lr = 0.001
Epoch = 191, Acc = 100.0
Epoch = 191, Epoch_Loss = 0.009382762201076493
Epoch = 192, lr = 0.001
Epoch = 192, Acc = 100.0
Epoch = 192, Epoch_Loss = 0.00920226449158724
Epoch = 193, lr = 0.001
Epoch = 193, Acc = 100.0
Epoch = 193, Epoch_Loss = 0.009033315369311755
Epoch = 194, lr = 0.001
Epoch = 194, Acc = 100.0
Epoch = 194, Epoch_Loss = 0.008874833651201765
Epoch = 195, lr = 0.001
Epoch = 195, Acc = 100.0
Epoch = 195, Epoch_Loss = 0.00872776156837871
Epoch = 196, lr = 0.001
Epoch = 196, Acc = 100.0
Epoch = 196, Epoch_Loss = 0.008589907142272245
Epoch = 197, lr = 0.001
Epoch = 197, Acc = 100.0
Epoch = 197, Epoch_Loss = 0.00845950520198568
Epoch = 198, lr = 0.001
Epoch = 198, Acc = 100.0
Epoch = 198, Epoch_Loss = 0.008338818748193767
Epoch = 199, lr = 0.001
Epoch = 199, Acc = 100.0
Epoch = 199, Epoch_Loss = 0.008226481044807265
