Learning rate: 0.001, Optimizer: Adam, Scheduler: NoneType
100 epochs in total, 108 batches per epoch
Epoch = 0, lr = 0.001
Epoch = 0, Acc = 0.0
Epoch = 0, Epoch_Loss = 3.2635310457812414
Epoch = 1, lr = 0.001
Epoch = 1, Acc = 0.0
Epoch = 1, Epoch_Loss = 3.164257447200793
Epoch = 2, lr = 0.001
Epoch = 2, Acc = 0.0
Epoch = 2, Epoch_Loss = 3.13558257288403
Epoch = 3, lr = 0.001
Epoch = 3, Acc = 0.0
Epoch = 3, Epoch_Loss = 3.093298582567109
Epoch = 4, lr = 0.001
Epoch = 4, Acc = 0.0
Epoch = 4, Epoch_Loss = 3.089519263141685
Epoch = 5, lr = 0.001
Epoch = 5, Acc = 0.0
Epoch = 5, Epoch_Loss = 3.0338873631424375
Epoch = 6, lr = 0.001
Epoch = 6, Acc = 0.0
Epoch = 6, Epoch_Loss = 2.999950459709874
Epoch = 7, lr = 0.001
Epoch = 7, Acc = 0.0
Epoch = 7, Epoch_Loss = 2.967451940532084
Epoch = 8, lr = 0.001
Epoch = 8, Acc = 0.0
Epoch = 8, Epoch_Loss = 2.9274391010403633
Epoch = 9, lr = 0.001
Epoch = 9, Acc = 0.0
Epoch = 9, Epoch_Loss = 2.8922712526939534
Epoch = 10, lr = 0.001
Epoch = 10, Acc = 0.0
Epoch = 10, Epoch_Loss = 2.8554333180741027
Epoch = 11, lr = 0.001
Epoch = 11, Acc = 0.0
Epoch = 11, Epoch_Loss = 2.812852662194658
Epoch = 12, lr = 0.001
Epoch = 12, Acc = 0.0
Epoch = 12, Epoch_Loss = 2.76994622140019
Epoch = 13, lr = 0.001
Epoch = 13, Acc = 0.0
Epoch = 13, Epoch_Loss = 2.7264890668016895
Epoch = 14, lr = 0.001
Epoch = 14, Acc = 0.0
Epoch = 14, Epoch_Loss = 2.688752429352866
Epoch = 15, lr = 0.001
Epoch = 15, Acc = 0.0
Epoch = 15, Epoch_Loss = 2.6582977624127158
Epoch = 16, lr = 0.001
Epoch = 16, Acc = 0.0
Epoch = 16, Epoch_Loss = 2.6184145457766674
Epoch = 17, lr = 0.001
Epoch = 17, Acc = 0.0
Epoch = 17, Epoch_Loss = 2.5754293537250272
Epoch = 18, lr = 0.001
Epoch = 18, Acc = 0.0
Epoch = 18, Epoch_Loss = 2.516512071920766
Epoch = 19, lr = 0.001
Epoch = 19, Acc = 0.0
Epoch = 19, Epoch_Loss = 2.457915013311086
Epoch = 20, lr = 0.001
Epoch = 20, Acc = 0.5565862708719852
Epoch = 20, Epoch_Loss = 2.397788409833555
Epoch = 21, lr = 0.001
Epoch = 21, Acc = 0.5565862708719852
Epoch = 21, Epoch_Loss = 2.332331697560019
Epoch = 22, lr = 0.001
Epoch = 22, Acc = 0.5565862708719852
Epoch = 22, Epoch_Loss = 2.2657712921500206
Epoch = 23, lr = 0.001
Epoch = 23, Acc = 0.7421150278293135
Epoch = 23, Epoch_Loss = 2.2037066712423607
Epoch = 24, lr = 0.001
Epoch = 24, Acc = 0.7421150278293135
Epoch = 24, Epoch_Loss = 2.1387516410538443
Epoch = 25, lr = 0.001
Epoch = 25, Acc = 0.7421150278293135
Epoch = 25, Epoch_Loss = 2.0691813976952322
Epoch = 26, lr = 0.001
Epoch = 26, Acc = 0.7421150278293135
Epoch = 26, Epoch_Loss = 1.983864971747001
Epoch = 27, lr = 0.001
Epoch = 27, Acc = 0.7421150278293135
Epoch = 27, Epoch_Loss = 1.9101252531011899
Epoch = 28, lr = 0.001
Epoch = 28, Acc = 0.7421150278293135
Epoch = 28, Epoch_Loss = 1.8302732257655374
Epoch = 29, lr = 0.001
Epoch = 29, Acc = 0.7421150278293135
Epoch = 29, Epoch_Loss = 1.7283279904060893
Epoch = 30, lr = 0.001
Epoch = 30, Acc = 0.7421150278293135
Epoch = 30, Epoch_Loss = 1.6416518259103652
Epoch = 31, lr = 0.001
Epoch = 31, Acc = 0.7421150278293135
Epoch = 31, Epoch_Loss = 1.5502412762078974
Epoch = 32, lr = 0.001
Epoch = 32, Acc = 0.7421150278293135
Epoch = 32, Epoch_Loss = 1.4506232027930241
Epoch = 33, lr = 0.001
Epoch = 33, Acc = 0.7421150278293135
Epoch = 33, Epoch_Loss = 1.3635303673368913
Epoch = 34, lr = 0.001
Epoch = 34, Acc = 0.7421150278293135
Epoch = 34, Epoch_Loss = 1.2867678995071739
Epoch = 35, lr = 0.001
Epoch = 35, Acc = 0.7421150278293135
Epoch = 35, Epoch_Loss = 1.197726533713716
Epoch = 36, lr = 0.001
Epoch = 36, Acc = 0.7421150278293135
Epoch = 36, Epoch_Loss = 1.112964593425945
Epoch = 37, lr = 0.001
Epoch = 37, Acc = 0.7421150278293135
Epoch = 37, Epoch_Loss = 1.0192657908838656
Epoch = 38, lr = 0.001
Epoch = 38, Acc = 0.7421150278293135
Epoch = 38, Epoch_Loss = 0.948646330723056
Epoch = 39, lr = 0.001
Epoch = 39, Acc = 0.7421150278293135
Epoch = 39, Epoch_Loss = 0.8777112048119307
Epoch = 40, lr = 0.001
Epoch = 40, Acc = 0.7421150278293135
Epoch = 40, Epoch_Loss = 0.8791935267961688
Epoch = 41, lr = 0.001
Epoch = 41, Acc = 0.7421150278293135
Epoch = 41, Epoch_Loss = 0.8382733590486977
Epoch = 42, lr = 0.001
Epoch = 42, Acc = 0.7421150278293135
Epoch = 42, Epoch_Loss = 0.7082745776063314
Epoch = 43, lr = 0.001
Epoch = 43, Acc = 0.7421150278293135
Epoch = 43, Epoch_Loss = 0.6274064875173347
Epoch = 44, lr = 0.001
Epoch = 44, Acc = 0.7421150278293135
Epoch = 44, Epoch_Loss = 0.5526182591846144
Epoch = 45, lr = 0.001
Epoch = 45, Acc = 0.7421150278293135
Epoch = 45, Epoch_Loss = 0.5066570317096732
Epoch = 46, lr = 0.001
Epoch = 46, Acc = 0.7421150278293135
Epoch = 46, Epoch_Loss = 0.4588671175211116
Epoch = 47, lr = 0.001
Epoch = 47, Acc = 0.7421150278293135
Epoch = 47, Epoch_Loss = 0.4212365556439316
Epoch = 48, lr = 0.001
Epoch = 48, Acc = 0.7421150278293135
Epoch = 48, Epoch_Loss = 0.3848198718494839
Epoch = 49, lr = 0.001
Epoch = 49, Acc = 0.7421150278293135
Epoch = 49, Epoch_Loss = 0.35440192579429736
Epoch = 50, lr = 0.001
Epoch = 50, Acc = 0.7421150278293135
Epoch = 50, Epoch_Loss = 0.32806785824639656
Epoch = 51, lr = 0.001
Epoch = 51, Acc = 0.7421150278293135
Epoch = 51, Epoch_Loss = 0.30395814381470837
Epoch = 52, lr = 0.001
Epoch = 52, Acc = 0.7421150278293135
Epoch = 52, Epoch_Loss = 0.2825827421448021
Epoch = 53, lr = 0.001
Epoch = 53, Acc = 0.7421150278293135
Epoch = 53, Epoch_Loss = 0.2636112790572009
Epoch = 54, lr = 0.001
Epoch = 54, Acc = 0.7421150278293135
Epoch = 54, Epoch_Loss = 0.2459652790437556
Epoch = 55, lr = 0.001
Epoch = 55, Acc = 0.7421150278293135
Epoch = 55, Epoch_Loss = 0.23099570569616776
Epoch = 56, lr = 0.001
Epoch = 56, Acc = 0.7421150278293135
Epoch = 56, Epoch_Loss = 0.22078911415991131
Epoch = 57, lr = 0.001
Epoch = 57, Acc = 0.7421150278293135
Epoch = 57, Epoch_Loss = 0.22567353288953504
Epoch = 58, lr = 0.001
Epoch = 58, Acc = 0.0
Epoch = 58, Epoch_Loss = 1.3923088891466182
Epoch = 59, lr = 0.001
Epoch = 59, Acc = 0.7421150278293135
Epoch = 59, Epoch_Loss = 2.147636370457433
Epoch = 60, lr = 0.001
Epoch = 60, Acc = 0.7421150278293135
Epoch = 60, Epoch_Loss = 0.760741971295189
Epoch = 61, lr = 0.001
Epoch = 61, Acc = 0.7421150278293135
Epoch = 61, Epoch_Loss = 0.34110511204710714
Epoch = 62, lr = 0.001
Epoch = 62, Acc = 0.7421150278293135
Epoch = 62, Epoch_Loss = 0.251207087378673
Epoch = 63, lr = 0.001
Epoch = 63, Acc = 0.7421150278293135
Epoch = 63, Epoch_Loss = 0.21086311864632148
Epoch = 64, lr = 0.001
Epoch = 64, Acc = 0.7421150278293135
Epoch = 64, Epoch_Loss = 0.18614734639413655
Epoch = 65, lr = 0.001
Epoch = 65, Acc = 0.7421150278293135
Epoch = 65, Epoch_Loss = 0.1728253049939802
Epoch = 66, lr = 0.001
Epoch = 66, Acc = 0.7421150278293135
Epoch = 66, Epoch_Loss = 0.16218415375247044
Epoch = 67, lr = 0.001
Epoch = 67, Acc = 0.7421150278293135
Epoch = 67, Epoch_Loss = 0.15305545584177943
Epoch = 68, lr = 0.001
Epoch = 68, Acc = 0.7421150278293135
Epoch = 68, Epoch_Loss = 0.14498272003105808
Epoch = 69, lr = 0.001
Epoch = 69, Acc = 0.7421150278293135
Epoch = 69, Epoch_Loss = 0.13765080094647905
Epoch = 70, lr = 0.001
Epoch = 70, Acc = 0.7421150278293135
Epoch = 70, Epoch_Loss = 0.13088736478325533
Epoch = 71, lr = 0.001
Epoch = 71, Acc = 0.7421150278293135
Epoch = 71, Epoch_Loss = 0.12457543316823258
Epoch = 72, lr = 0.001
Epoch = 72, Acc = 0.7421150278293135
Epoch = 72, Epoch_Loss = 0.11863796612791096
Epoch = 73, lr = 0.001
Epoch = 73, Acc = 0.7421150278293135
Epoch = 73, Epoch_Loss = 0.11302295482622597
Epoch = 74, lr = 0.001
Epoch = 74, Acc = 0.7421150278293135
Epoch = 74, Epoch_Loss = 0.10769274020007018
Epoch = 75, lr = 0.001
Epoch = 75, Acc = 0.7421150278293135
Epoch = 75, Epoch_Loss = 0.10261331817471525
Epoch = 76, lr = 0.001
Epoch = 76, Acc = 0.7421150278293135
Epoch = 76, Epoch_Loss = 0.0977602126874478
Epoch = 77, lr = 0.001
Epoch = 77, Acc = 0.7421150278293135
Epoch = 77, Epoch_Loss = 0.09311863283747462
Epoch = 78, lr = 0.001
Epoch = 78, Acc = 0.7421150278293135
Epoch = 78, Epoch_Loss = 0.08867734441688906
Epoch = 79, lr = 0.001
Epoch = 79, Acc = 0.7421150278293135
Epoch = 79, Epoch_Loss = 0.0844238114303961
Epoch = 80, lr = 0.001
Epoch = 80, Acc = 0.7421150278293135
Epoch = 80, Epoch_Loss = 0.08035141288591721
Epoch = 81, lr = 0.001
Epoch = 81, Acc = 0.7421150278293135
Epoch = 81, Epoch_Loss = 0.07645586585837279
Epoch = 82, lr = 0.001
Epoch = 82, Acc = 0.7421150278293135
Epoch = 82, Epoch_Loss = 0.07272301413144709
Epoch = 83, lr = 0.001
Epoch = 83, Acc = 0.7421150278293135
Epoch = 83, Epoch_Loss = 0.06915200404128646
Epoch = 84, lr = 0.001
Epoch = 84, Acc = 0.7421150278293135
Epoch = 84, Epoch_Loss = 0.06574093717736779
Epoch = 85, lr = 0.001
Epoch = 85, Acc = 0.7421150278293135
Epoch = 85, Epoch_Loss = 0.06246145473495643
Epoch = 86, lr = 0.001
Epoch = 86, Acc = 0.7421150278293135
Epoch = 86, Epoch_Loss = 0.05933375198057749
Epoch = 87, lr = 0.001
Epoch = 87, Acc = 0.7421150278293135
Epoch = 87, Epoch_Loss = 0.056362969195039046
Epoch = 88, lr = 0.001
Epoch = 88, Acc = 0.7421150278293135
Epoch = 88, Epoch_Loss = 0.05354209244682419
Epoch = 89, lr = 0.001
Epoch = 89, Acc = 0.7421150278293135
Epoch = 89, Epoch_Loss = 0.05085521020292719
Epoch = 90, lr = 0.001
Epoch = 90, Acc = 0.7421150278293135
Epoch = 90, Epoch_Loss = 0.048297630726463266
Epoch = 91, lr = 0.001
Epoch = 91, Acc = 0.7421150278293135
Epoch = 91, Epoch_Loss = 0.04586542992910836
Epoch = 92, lr = 0.001
Epoch = 92, Acc = 0.7421150278293135
Epoch = 92, Epoch_Loss = 0.04355046544299478
Epoch = 93, lr = 0.001
Epoch = 93, Acc = 0.7421150278293135
Epoch = 93, Epoch_Loss = 0.041349702679090786
Epoch = 94, lr = 0.001
Epoch = 94, Acc = 0.7421150278293135
Epoch = 94, Epoch_Loss = 0.03926529297098535
Epoch = 95, lr = 0.001
Epoch = 95, Acc = 0.7421150278293135
Epoch = 95, Epoch_Loss = 0.03730124259029118
Epoch = 96, lr = 0.001
Epoch = 96, Acc = 0.7421150278293135
Epoch = 96, Epoch_Loss = 0.035444421618767256
Epoch = 97, lr = 0.001
Epoch = 97, Acc = 0.7421150278293135
Epoch = 97, Epoch_Loss = 0.03366850360180251
Epoch = 98, lr = 0.001
Epoch = 98, Acc = 0.7421150278293135
Epoch = 98, Epoch_Loss = 0.031984706182373444
Epoch = 99, lr = 0.001
Epoch = 99, Acc = 0.7421150278293135
Epoch = 99, Epoch_Loss = 0.03038819284551277
